#
# There is insufficient memory for the Java Runtime Environment to continue.
# Native memory allocation (malloc) failed to allocate 116656 bytes for Chunk::new
# Possible reasons:
#   The system is out of physical RAM or swap space
#   The process is running with CompressedOops enabled, and the Java Heap may be blocking the growth of the native heap
# Possible solutions:
#   Reduce memory load on the system
#   Increase physical memory or swap space
#   Check if swap backing store is full
#   Decrease Java heap size (-Xmx/-Xms)
#   Decrease number of Java threads
#   Decrease Java thread stack sizes (-Xss)
#   Set larger code cache with -XX:ReservedCodeCacheSize=
#   JVM is running with Unscaled Compressed Oops mode in which the Java heap is
#     placed in the first 4GB address space. The Java Heap base address is the
#     maximum limit for the native heap growth. Please use -XX:HeapBaseMinAddress
#     to set the Java Heap base and to place the Java Heap above 4GB virtual address.
# This output file may be truncated or incomplete.
#
#  Out of Memory Error (t:/workspace/hotspot/src/share/vm/memory/allocation.cpp:372), pid=17600, tid=22216
#
# JRE version: Java(TM) SE Runtime Environment (9.0+11) (build 9.0.4+11)
# Java VM: Java HotSpot(TM) 64-Bit Server VM (9.0.4+11, mixed mode, tiered, compressed oops, g1 gc, windows-amd64)
# No core dump will be written. Minidumps are not enabled by default on client versions of Windows
#

---------------  S U M M A R Y ------------

Command Line: -Dfile.encoding=Cp1252 Main

Host: Intel(R) Celeron(R) CPU  N2840  @ 2.16GHz, 2 cores, 3G,  Windows 10 , 64 bit Build 16299 (10.0.16299.15)
Time: Fri Feb 09 04:03:41 2018 Pacific Standard Time elapsed time: 16 seconds (0d 0h 0m 16s)

---------------  T H R E A D  ---------------

Current thread (0x00000235793c2000):  JavaThread "C2 CompilerThread0" daemon [_thread_in_native, id=22216, stack(0x000000a93dc00000,0x000000a93dd00000)]


Current CompileTask:
C2:  16486  791       4       java.util.concurrent.ConcurrentHashMap::get (162 bytes)

Stack: [0x000000a93dc00000,0x000000a93dd00000]
Native frames: (J=compiled Java code, j=interpreted, Vv=VM code, C=native code)
V  [jvm.dll+0x587068]
V  [jvm.dll+0x69c25e]
V  [jvm.dll+0x69d17a]
V  [jvm.dll+0x69d7b3]
V  [jvm.dll+0x21d198]
V  [jvm.dll+0xa7aac]
V  [jvm.dll+0xa83ec]
V  [jvm.dll+0x320ef5]
V  [jvm.dll+0x17b6ac]
V  [jvm.dll+0x1e9bed]
V  [jvm.dll+0x1e8d86]
V  [jvm.dll+0x1691cb]
V  [jvm.dll+0x1f6570]
V  [jvm.dll+0x1f51f6]
V  [jvm.dll+0x66b44f]
V  [jvm.dll+0x586490]
C  [msvcr120.dll+0x24f7f]
C  [msvcr120.dll+0x25126]
C  [KERNEL32.DLL+0x11fe4]
C  [ntdll.dll+0x6efb1]


---------------  P R O C E S S  ---------------

Java Threads: ( => current thread )
  0x0000023579999000 JavaThread "AWT-Windows" daemon [_thread_in_native, id=16816, stack(0x000000a93e400000,0x000000a93e500000)]
  0x0000023579bac000 JavaThread "Java2D Disposer" daemon [_thread_blocked, id=20624, stack(0x000000a93e200000,0x000000a93e300000)]
  0x0000023579660800 JavaThread "Service Thread" daemon [_thread_blocked, id=20208, stack(0x000000a93e000000,0x000000a93e100000)]
  0x000002357946e800 JavaThread "Common-Cleaner" daemon [_thread_blocked, id=1980, stack(0x000000a93df00000,0x000000a93e000000)]
  0x000002357942a000 JavaThread "Sweeper thread" daemon [_thread_blocked, id=22160, stack(0x000000a93de00000,0x000000a93df00000)]
  0x000002357941f000 JavaThread "C1 CompilerThread1" daemon [_thread_blocked, id=1764, stack(0x000000a93dd00000,0x000000a93de00000)]
=>0x00000235793c2000 JavaThread "C2 CompilerThread0" daemon [_thread_in_native, id=22216, stack(0x000000a93dc00000,0x000000a93dd00000)]
  0x00000235793c0000 JavaThread "Attach Listener" daemon [_thread_blocked, id=22500, stack(0x000000a93db00000,0x000000a93dc00000)]
  0x00000235793ba800 JavaThread "Signal Dispatcher" daemon [_thread_blocked, id=22164, stack(0x000000a93da00000,0x000000a93db00000)]
  0x0000023579382800 JavaThread "Finalizer" daemon [_thread_blocked, id=19656, stack(0x000000a93d900000,0x000000a93da00000)]
  0x0000023579380800 JavaThread "Reference Handler" daemon [_thread_blocked, id=21040, stack(0x000000a93d800000,0x000000a93d900000)]
  0x000002355c74f000 JavaThread "main" [_thread_in_vm, id=18748, stack(0x000000a93cf00000,0x000000a93d000000)]

Other Threads:
  0x000002357937b000 VMThread "VM Thread" [stack: 0x000000a93d700000,0x000000a93d800000] [id=22148]
  0x0000023579667000 WatcherThread [stack: 0x000000a93e100000,0x000000a93e200000] [id=3744]
  0x000002355c766000 GCTaskThread "GC Thread#0" [stack: 0x000000a93d000000,0x000000a93d100000] [id=19508]
  0x000002355c767000 GCTaskThread "GC Thread#1" [stack: 0x000000a93d100000,0x000000a93d200000] [id=1900]
  0x000002355c7a5800 ConcurrentGCThread "G1 Main Marker" [stack: 0x000000a93d500000,0x000000a93d600000] [id=20252]
  0x000002355c7a8000 ConcurrentGCThread "G1 Marker#0" [stack: 0x000000a93d600000,0x000000a93d700000] [id=1512]
  0x000002355c76c000 ConcurrentGCThread "G1 Refine#0" [stack: 0x000000a93d300000,0x000000a93d400000] [id=10920]
  0x000002355c769000 ConcurrentGCThread "G1 Refine#1" [stack: 0x000000a93d200000,0x000000a93d300000] [id=19672]
  0x000002355c76e800 ConcurrentGCThread "G1 Young RemSet Sampling" [stack: 0x000000a93d400000,0x000000a93d500000] [id=15820]

Threads with active compile tasks:
C2 CompilerThread0 791       4       java.util.concurrent.ConcurrentHashMap::get (162 bytes)

VM state:not at safepoint (normal execution)

VM Mutex/Monitor currently owned by a thread: None

Heap address: 0x00000000c1c00000, size: 996 MB, Compressed Oops mode: 32-bit
Narrow klass base: 0x0000000000000000, Narrow klass shift: 3
Compressed class space size: 1073741824 Address: 0x0000000100000000

Heap:
 garbage-first heap   total 65536K, used 5507K [0x00000000c1c00000, 0x00000000c1d00200, 0x0000000100000000)
  region size 1024K, 3 young (3072K), 1 survivors (1024K)
 Metaspace       used 9966K, capacity 10584K, committed 10880K, reserved 1058816K
  class space    used 1153K, capacity 1327K, committed 1408K, reserved 1048576K
Heap Regions: E=young(eden), S=young(survivor), O=old, HS=humongous(starts), HC=humongous(continues), CS=collection set, F=free, A=archive, TS=gc time stamp, AC=allocation context, TAMS=top-at-mark-start (previous, next)
|   0|0x00000000c1c00000, 0x00000000c1d00000, 0x00000000c1d00000|100%|HS|  |TS  0|AC  0|TAMS 0x00000000c1c00000, 0x00000000c1c00000|
|   1|0x00000000c1d00000, 0x00000000c1e00000, 0x00000000c1e00000|100%|HC|  |TS  0|AC  0|TAMS 0x00000000c1d00000, 0x00000000c1d00000|
|   2|0x00000000c1e00000, 0x00000000c1f00000, 0x00000000c1f00000|100%| O|  |TS  1|AC  0|TAMS 0x00000000c1e00000, 0x00000000c1e00000|
|   3|0x00000000c1f00000, 0x00000000c1f60c00, 0x00000000c2000000| 37%| O|  |TS  1|AC  0|TAMS 0x00000000c1f00000, 0x00000000c1f00000|
|   4|0x00000000c2000000, 0x00000000c2000000, 0x00000000c2100000|  0%| F|  |TS  0|AC  0|TAMS 0x00000000c2000000, 0x00000000c2000000|
|   5|0x00000000c2100000, 0x00000000c2100000, 0x00000000c2200000|  0%| F|  |TS  0|AC  0|TAMS 0x00000000c2100000, 0x00000000c2100000|
|   6|0x00000000c2200000, 0x00000000c2200000, 0x00000000c2300000|  0%| F|  |TS  0|AC  0|TAMS 0x00000000c2200000, 0x00000000c2200000|
|   7|0x00000000c2300000, 0x00000000c2300000, 0x00000000c2400000|  0%| F|  |TS  0|AC  0|TAMS 0x00000000c2300000, 0x00000000c2300000|
|   8|0x00000000c2400000, 0x00000000c2400000, 0x00000000c2500000|  0%| F|  |TS  0|AC  0|TAMS 0x00000000c2400000, 0x00000000c2400000|
|   9|0x00000000c2500000, 0x00000000c2500000, 0x00000000c2600000|  0%| F|  |TS  0|AC  0|TAMS 0x00000000c2500000, 0x00000000c2500000|
|  10|0x00000000c2600000, 0x00000000c2600000, 0x00000000c2700000|  0%| F|  |TS  0|AC  0|TAMS 0x00000000c2600000, 0x00000000c2600000|
|  11|0x00000000c2700000, 0x00000000c2700000, 0x00000000c2800000|  0%| F|  |TS  0|AC  0|TAMS 0x00000000c2700000, 0x00000000c2700000|
|  12|0x00000000c2800000, 0x00000000c2800000, 0x00000000c2900000|  0%| F|  |TS  0|AC  0|TAMS 0x00000000c2800000, 0x00000000c2800000|
|  13|0x00000000c2900000, 0x00000000c2900000, 0x00000000c2a00000|  0%| F|  |TS  0|AC  0|TAMS 0x00000000c2900000, 0x00000000c2900000|
|  14|0x00000000c2a00000, 0x00000000c2a00000, 0x00000000c2b00000|  0%| F|  |TS  0|AC  0|TAMS 0x00000000c2a00000, 0x00000000c2a00000|
|  15|0x00000000c2b00000, 0x00000000c2b00000, 0x00000000c2c00000|  0%| F|  |TS  0|AC  0|TAMS 0x00000000c2b00000, 0x00000000c2b00000|
|  16|0x00000000c2c00000, 0x00000000c2c00000, 0x00000000c2d00000|  0%| F|  |TS  0|AC  0|TAMS 0x00000000c2c00000, 0x00000000c2c00000|
|  17|0x00000000c2d00000, 0x00000000c2d00000, 0x00000000c2e00000|  0%| F|  |TS  0|AC  0|TAMS 0x00000000c2d00000, 0x00000000c2d00000|
|  18|0x00000000c2e00000, 0x00000000c2e00000, 0x00000000c2f00000|  0%| F|  |TS  0|AC  0|TAMS 0x00000000c2e00000, 0x00000000c2e00000|
|  19|0x00000000c2f00000, 0x00000000c2f00000, 0x00000000c3000000|  0%| F|  |TS  0|AC  0|TAMS 0x00000000c2f00000, 0x00000000c2f00000|
|  20|0x00000000c3000000, 0x00000000c3000000, 0x00000000c3100000|  0%| F|  |TS  0|AC  0|TAMS 0x00000000c3000000, 0x00000000c3000000|
|  21|0x00000000c3100000, 0x00000000c3100000, 0x00000000c3200000|  0%| F|  |TS  0|AC  0|TAMS 0x00000000c3100000, 0x00000000c3100000|
|  22|0x00000000c3200000, 0x00000000c3200000, 0x00000000c3300000|  0%| F|  |TS  0|AC  0|TAMS 0x00000000c3200000, 0x00000000c3200000|
|  23|0x00000000c3300000, 0x00000000c3300000, 0x00000000c3400000|  0%| F|  |TS  0|AC  0|TAMS 0x00000000c3300000, 0x00000000c3300000|
|  24|0x00000000c3400000, 0x00000000c3400000, 0x00000000c3500000|  0%| F|  |TS  0|AC  0|TAMS 0x00000000c3400000, 0x00000000c3400000|
|  25|0x00000000c3500000, 0x00000000c3500000, 0x00000000c3600000|  0%| F|  |TS  0|AC  0|TAMS 0x00000000c3500000, 0x00000000c3500000|
|  26|0x00000000c3600000, 0x00000000c3600000, 0x00000000c3700000|  0%| F|  |TS  0|AC  0|TAMS 0x00000000c3600000, 0x00000000c3600000|
|  27|0x00000000c3700000, 0x00000000c3700000, 0x00000000c3800000|  0%| F|  |TS  0|AC  0|TAMS 0x00000000c3700000, 0x00000000c3700000|
|  28|0x00000000c3800000, 0x00000000c3800000, 0x00000000c3900000|  0%| F|  |TS  0|AC  0|TAMS 0x00000000c3800000, 0x00000000c3800000|
|  29|0x00000000c3900000, 0x00000000c3900000, 0x00000000c3a00000|  0%| F|  |TS  0|AC  0|TAMS 0x00000000c3900000, 0x00000000c3900000|
|  30|0x00000000c3a00000, 0x00000000c3a00000, 0x00000000c3b00000|  0%| F|  |TS  0|AC  0|TAMS 0x00000000c3a00000, 0x00000000c3a00000|
|  31|0x00000000c3b00000, 0x00000000c3b00000, 0x00000000c3c00000|  0%| F|  |TS  0|AC  0|TAMS 0x00000000c3b00000, 0x00000000c3b00000|
|  32|0x00000000c3c00000, 0x00000000c3c00000, 0x00000000c3d00000|  0%| F|  |TS  0|AC  0|TAMS 0x00000000c3c00000, 0x00000000c3c00000|
|  33|0x00000000c3d00000, 0x00000000c3d00000, 0x00000000c3e00000|  0%| F|  |TS  0|AC  0|TAMS 0x00000000c3d00000, 0x00000000c3d00000|
|  34|0x00000000c3e00000, 0x00000000c3e00000, 0x00000000c3f00000|  0%| F|  |TS  0|AC  0|TAMS 0x00000000c3e00000, 0x00000000c3e00000|
|  35|0x00000000c3f00000, 0x00000000c3f00000, 0x00000000c4000000|  0%| F|  |TS  0|AC  0|TAMS 0x00000000c3f00000, 0x00000000c3f00000|
|  36|0x00000000c4000000, 0x00000000c4000000, 0x00000000c4100000|  0%| F|  |TS  0|AC  0|TAMS 0x00000000c4000000, 0x00000000c4000000|
|  37|0x00000000c4100000, 0x00000000c4100000, 0x00000000c4200000|  0%| F|  |TS  0|AC  0|TAMS 0x00000000c4100000, 0x00000000c4100000|
|  38|0x00000000c4200000, 0x00000000c4200000, 0x00000000c4300000|  0%| F|  |TS  0|AC  0|TAMS 0x00000000c4200000, 0x00000000c4200000|
|  39|0x00000000c4300000, 0x00000000c4300000, 0x00000000c4400000|  0%| F|  |TS  0|AC  0|TAMS 0x00000000c4300000, 0x00000000c4300000|
|  40|0x00000000c4400000, 0x00000000c4400000, 0x00000000c4500000|  0%| F|  |TS  0|AC  0|TAMS 0x00000000c4400000, 0x00000000c4400000|
|  41|0x00000000c4500000, 0x00000000c4500000, 0x00000000c4600000|  0%| F|  |TS  0|AC  0|TAMS 0x00000000c4500000, 0x00000000c4500000|
|  42|0x00000000c4600000, 0x00000000c4600000, 0x00000000c4700000|  0%| F|  |TS  0|AC  0|TAMS 0x00000000c4600000, 0x00000000c4600000|
|  43|0x00000000c4700000, 0x00000000c4700000, 0x00000000c4800000|  0%| F|  |TS  0|AC  0|TAMS 0x00000000c4700000, 0x00000000c4700000|
|  44|0x00000000c4800000, 0x00000000c4800000, 0x00000000c4900000|  0%| F|  |TS  0|AC  0|TAMS 0x00000000c4800000, 0x00000000c4800000|
|  45|0x00000000c4900000, 0x00000000c4900000, 0x00000000c4a00000|  0%| F|  |TS  0|AC  0|TAMS 0x00000000c4900000, 0x00000000c4900000|
|  46|0x00000000c4a00000, 0x00000000c4a00000, 0x00000000c4b00000|  0%| F|  |TS  0|AC  0|TAMS 0x00000000c4a00000, 0x00000000c4a00000|
|  47|0x00000000c4b00000, 0x00000000c4b00000, 0x00000000c4c00000|  0%| F|  |TS  0|AC  0|TAMS 0x00000000c4b00000, 0x00000000c4b00000|
|  48|0x00000000c4c00000, 0x00000000c4c00000, 0x00000000c4d00000|  0%| F|  |TS  0|AC  0|TAMS 0x00000000c4c00000, 0x00000000c4c00000|
|  49|0x00000000c4d00000, 0x00000000c4d00000, 0x00000000c4e00000|  0%| F|  |TS  0|AC  0|TAMS 0x00000000c4d00000, 0x00000000c4d00000|
|  50|0x00000000c4e00000, 0x00000000c4e00000, 0x00000000c4f00000|  0%| F|  |TS  0|AC  0|TAMS 0x00000000c4e00000, 0x00000000c4e00000|
|  51|0x00000000c4f00000, 0x00000000c4f00000, 0x00000000c5000000|  0%| F|  |TS  0|AC  0|TAMS 0x00000000c4f00000, 0x00000000c4f00000|
|  52|0x00000000c5000000, 0x00000000c5000000, 0x00000000c5100000|  0%| F|  |TS  0|AC  0|TAMS 0x00000000c5000000, 0x00000000c5000000|
|  53|0x00000000c5100000, 0x00000000c5100000, 0x00000000c5200000|  0%| F|  |TS  0|AC  0|TAMS 0x00000000c5100000, 0x00000000c5100000|
|  54|0x00000000c5200000, 0x00000000c5200000, 0x00000000c5300000|  0%| F|  |TS  0|AC  0|TAMS 0x00000000c5200000, 0x00000000c5200000|
|  55|0x00000000c5300000, 0x00000000c5300000, 0x00000000c5400000|  0%| F|  |TS  0|AC  0|TAMS 0x00000000c5300000, 0x00000000c5300000|
|  56|0x00000000c5400000, 0x00000000c5500000, 0x00000000c5500000|100%| S|CS|TS  1|AC  0|TAMS 0x00000000c5400000, 0x00000000c5400000|
|  57|0x00000000c5500000, 0x00000000c5500000, 0x00000000c5600000|  0%| F|  |TS  1|AC  0|TAMS 0x00000000c5500000, 0x00000000c5500000|
|  58|0x00000000c5600000, 0x00000000c5600000, 0x00000000c5700000|  0%| F|  |TS  1|AC  0|TAMS 0x00000000c5600000, 0x00000000c5600000|
|  59|0x00000000c5700000, 0x00000000c5700000, 0x00000000c5800000|  0%| F|  |TS  1|AC  0|TAMS 0x00000000c5700000, 0x00000000c5700000|
|  60|0x00000000c5800000, 0x00000000c5800000, 0x00000000c5900000|  0%| F|  |TS  1|AC  0|TAMS 0x00000000c5800000, 0x00000000c5800000|
|  61|0x00000000c5900000, 0x00000000c5900000, 0x00000000c5a00000|  0%| F|  |TS  1|AC  0|TAMS 0x00000000c5900000, 0x00000000c5900000|
|  62|0x00000000c5a00000, 0x00000000c5a4d520, 0x00000000c5b00000| 30%| E|  |TS  1|AC  0|TAMS 0x00000000c5a00000, 0x00000000c5a00000|
|  63|0x00000000c5b00000, 0x00000000c5c00000, 0x00000000c5c00000|100%| E|CS|TS  1|AC  0|TAMS 0x00000000c5b00000, 0x00000000c5b00000|

Card table byte_map: [0x0000023574510000,0x0000023574710000] byte_map_base: 0x0000023573f02000

Marking Bits (Prev, Next): (CMBitMap*) 0x000002355c7a4b30, (CMBitMap*) 0x000002355c7a4b68
 Prev Bits: [0x0000023574910000, 0x00000235758a0000)
 Next Bits: [0x00000235758a0000, 0x0000023576830000)

Polling page: 0x000002355c8e0000

CodeHeap 'non-profiled nmethods': size=120064Kb used=283Kb max_used=283Kb free=119781Kb
 bounds [0x000002356c7d0000, 0x000002356ca40000, 0x0000023573d10000]
CodeHeap 'profiled nmethods': size=120000Kb used=1377Kb max_used=1377Kb free=118622Kb
 bounds [0x00000235652a0000, 0x0000023565510000, 0x000002356c7d0000]
CodeHeap 'non-nmethods': size=5696Kb used=1271Kb max_used=1287Kb free=4424Kb
 bounds [0x0000023564d10000, 0x0000023564f80000, 0x00000235652a0000]
 total_blobs=1410 nmethods=793 adapters=366
 compilation: enabled

Compilation events (10 events):
Event: 16.180 Thread 0x000002357941f000 nmethod 788 0x00000235653f6490 code [0x00000235653f6640, 0x00000235653f6798]
Event: 16.437 Thread 0x000002357941f000  789       1       java.lang.invoke.StringConcatFactory$RecipeElement::getTag (5 bytes)
Event: 16.437 Thread 0x000002357941f000 nmethod 789 0x000002356c816890 code [0x000002356c816a40, 0x000002356c816b58]
Event: 16.437 Thread 0x000002357941f000  790   !   3       javax.swing.UIDefaults::getFromResourceBundle (69 bytes)
Event: 16.438 Thread 0x00000235793c2000  791       4       java.util.concurrent.ConcurrentHashMap::get (162 bytes)
Event: 16.438 Thread 0x000002357941f000 nmethod 790 0x00000235653f6810 code [0x00000235653f6a00, 0x00000235653f7300]
Event: 16.440 Thread 0x000002357941f000  792       3       javax.swing.UIManager::getDefaults (10 bytes)
Event: 16.440 Thread 0x000002357941f000 nmethod 792 0x00000235653f7510 code [0x00000235653f76e0, 0x00000235653f7880]
Event: 16.453 Thread 0x000002357941f000  793       3       java.lang.invoke.DirectMethodHandle$Holder::invokeStatic (14 bytes)
Event: 16.453 Thread 0x000002357941f000 nmethod 793 0x00000235653f7990 code [0x00000235653f7b60, 0x00000235653f80c0]

GC Heap History (2 events):
Event: 12.588 GC heap before
{Heap before GC invocations=0 (full 0):
 garbage-first heap   total 65536K, used 9216K [0x00000000c1c00000, 0x00000000c1d00200, 0x0000000100000000)
  region size 1024K, 7 young (7168K), 0 survivors (0K)
 Metaspace       used 8866K, capacity 9322K, committed 9600K, reserved 1058816K
  class space    used 966K, capacity 1076K, committed 1152K, reserved 1048576K
}
Event: 12.604 GC heap after
{Heap after GC invocations=1 (full 0):
 garbage-first heap   total 65536K, used 4483K [0x00000000c1c00000, 0x00000000c1d00200, 0x0000000100000000)
  region size 1024K, 1 young (1024K), 1 survivors (1024K)
 Metaspace       used 8866K, capacity 9322K, committed 9600K, reserved 1058816K
  class space    used 966K, capacity 1076K, committed 1152K, reserved 1048576K
}

Deoptimization events (1 events):
Event: 1.455 Thread 0x000002355c74f000 Uncommon trap: reason=unstable_if action=reinterpret pc=0x000002356c7d3218 method=java.lang.String.charAt(I)C @ 4 c2

Classes redefined (0 events):
No events

Internal exceptions (10 events):
Event: 6.767 Thread 0x000002355c74f000 Exception <a 'java/lang/NoSuchMethodError'{0x00000000c578b480}: method resolution failed> (0x00000000c578b480) thrown at [t:/workspace/hotspot/src/share/vm/prims/methodHandles.cpp, line 1256]
Event: 6.811 Thread 0x000002355c74f000 Exception <a 'java/io/FileNotFoundException'{0x00000000c5794c18}> (0x00000000c5794c18) thrown at [t:/workspace/hotspot/src/share/vm/prims/jni.cpp, line 604]
Event: 10.247 Thread 0x0000023579999000 Exception <a 'java/lang/NoSuchMethodError'{0x00000000c564d750}: java.lang.invoke.DirectMethodHandle$Holder.invokeSpecial(Ljava/lang/Object;Ljava/lang/Object;)V> (0x00000000c564d750) thrown at [t:/workspace/hotspot/src/share/vm/interpreter/linkResolver.cpp
Event: 10.284 Thread 0x000002355c74f000 Exception <a 'java/lang/NoSuchMethodError'{0x00000000c5670458}: java.lang.invoke.DirectMethodHandle$Holder.invokeStatic(Ljava/lang/Object;Ljava/lang/Object;Ljava/lang/Object;Ljava/lang/Object;Ljava/lang/Object;Ljava/lang/Object;Ljava/lang/Object;Ljava/lan
Event: 10.294 Thread 0x000002355c74f000 Exception <a 'java/lang/NoSuchMethodError'{0x00000000c568a760}: java.lang.invoke.DirectMethodHandle$Holder.invokeStatic(Ljava/lang/Object;Ljava/lang/Object;Ljava/lang/Object;Ljava/lang/Object;Ljava/lang/Object;Ljava/lang/Object;Ljava/lang/Object;Ljava/lan
Event: 12.566 Thread 0x000002355c74f000 Exception <a 'java/lang/NoSuchMethodError'{0x00000000c55eb000}: method resolution failed> (0x00000000c55eb000) thrown at [t:/workspace/hotspot/src/share/vm/prims/methodHandles.cpp, line 1256]
Event: 12.568 Thread 0x000002355c74f000 Exception <a 'java/lang/NoSuchMethodError'{0x00000000c55f2570}: java.lang.invoke.DirectMethodHandle$Holder.invokeStatic(Ljava/lang/Object;ILjava/lang/Object;Ljava/lang/Object;Ljava/lang/Object;)Ljava/lang/Object;> (0x00000000c55f2570) thrown at [t:/worksp
Event: 12.569 Thread 0x000002355c74f000 Exception <a 'java/lang/NoSuchMethodError'{0x00000000c55f6268}: method resolution failed> (0x00000000c55f6268) thrown at [t:/workspace/hotspot/src/share/vm/prims/methodHandles.cpp, line 1256]
Event: 13.017 Thread 0x000002355c74f000 Exception <a 'java/lang/ClassNotFoundException'{0x00000000c5bc1ba0}: com/sun/swing/internal/plaf/metal/resources/spi/metalProvider> (0x00000000c5bc1ba0) thrown at [t:/workspace/hotspot/src/share/vm/classfile/systemDictionary.cpp, line 218]
Event: 13.080 Thread 0x000002355c74f000 Exception <a 'java/lang/ClassNotFoundException'{0x00000000c5bc5ef8}: com/sun/swing/internal/plaf/basic/resources/spi/basicProvider> (0x00000000c5bc5ef8) thrown at [t:/workspace/hotspot/src/share/vm/classfile/systemDictionary.cpp, line 218]

Events (10 events):
Event: 16.434 loading class java/awt/event/MouseAdapter
Event: 16.434 loading class java/awt/event/MouseAdapter done
Event: 16.434 loading class javax/swing/event/MouseInputAdapter done
Event: 16.434 loading class javax/swing/plaf/basic/BasicTextUI$DragListener done
Event: 16.441 loading class javax/swing/plaf/metal/MetalBorders$TextFieldBorder
Event: 16.451 loading class javax/swing/plaf/metal/MetalBorders$Flush3DBorder
Event: 16.452 loading class javax/swing/plaf/metal/MetalBorders$Flush3DBorder done
Event: 16.452 loading class javax/swing/plaf/metal/MetalBorders$TextFieldBorder done
Event: 16.454 loading class javax/swing/plaf/basic/BasicTextUI$BasicCaret
Event: 16.454 loading class javax/swing/text/DefaultCaret


Dynamic libraries:
0x00007ff6d54f0000 - 0x00007ff6d552e000 	C:\Program Files\Java\jre-9.0.4\bin\javaw.exe
0x00007ff9c8420000 - 0x00007ff9c8600000 	C:\WINDOWS\SYSTEM32\ntdll.dll
0x00007ff9c7f50000 - 0x00007ff9c7ffe000 	C:\WINDOWS\System32\KERNEL32.DLL
0x00007ff9c5680000 - 0x00007ff9c58e6000 	C:\WINDOWS\System32\KERNELBASE.dll
0x00007ff9c5fb0000 - 0x00007ff9c6051000 	C:\WINDOWS\System32\ADVAPI32.dll
0x00007ff9c7eb0000 - 0x00007ff9c7f4d000 	C:\WINDOWS\System32\msvcrt.dll
0x00007ff9c8000000 - 0x00007ff9c805b000 	C:\WINDOWS\System32\sechost.dll
0x00007ff9c8240000 - 0x00007ff9c835f000 	C:\WINDOWS\System32\RPCRT4.dll
0x00007ff9c7650000 - 0x00007ff9c77df000 	C:\WINDOWS\System32\USER32.dll
0x00007ff9c5460000 - 0x00007ff9c5480000 	C:\WINDOWS\System32\win32u.dll
0x00007ff9c8360000 - 0x00007ff9c8388000 	C:\WINDOWS\System32\GDI32.dll
0x00007ff9c54e0000 - 0x00007ff9c5673000 	C:\WINDOWS\System32\gdi32full.dll
0x00007ff9c4820000 - 0x00007ff9c48bb000 	C:\WINDOWS\System32\msvcp_win.dll
0x00007ff9c5090000 - 0x00007ff9c5186000 	C:\WINDOWS\System32\ucrtbase.dll
0x00007ff9b8590000 - 0x00007ff9b87f9000 	C:\WINDOWS\WinSxS\amd64_microsoft.windows.common-controls_6595b64144ccf1df_6.0.16299.192_none_15c8cdae9364c23b\COMCTL32.dll
0x00007ff9c5a70000 - 0x00007ff9c5d78000 	C:\WINDOWS\System32\combase.dll
0x00007ff9c48c0000 - 0x00007ff9c4932000 	C:\WINDOWS\System32\bcryptPrimitives.dll
0x00007ff9bb730000 - 0x00007ff9bb73a000 	C:\WINDOWS\SYSTEM32\VERSION.dll
0x00007ff9c74b0000 - 0x00007ff9c74dd000 	C:\WINDOWS\System32\IMM32.DLL
0x00007ff9b0b20000 - 0x00007ff9b0c0f000 	C:\Program Files\Java\jre-9.0.4\bin\msvcr120.dll
0x00007ff9afd50000 - 0x00007ff9afdf6000 	C:\Program Files\Java\jre-9.0.4\bin\msvcp120.dll
0x000000006ced0000 - 0x000000006d8f5000 	C:\Program Files\Java\jre-9.0.4\bin\server\jvm.dll
0x00007ff9c5fa0000 - 0x00007ff9c5fa8000 	C:\WINDOWS\System32\PSAPI.DLL
0x00007ff9c1570000 - 0x00007ff9c1579000 	C:\WINDOWS\SYSTEM32\WSOCK32.dll
0x00007ff9c8080000 - 0x00007ff9c80ec000 	C:\WINDOWS\System32\WS2_32.dll
0x00007ff9b78c0000 - 0x00007ff9b78e3000 	C:\WINDOWS\SYSTEM32\WINMM.dll
0x00007ff9b7890000 - 0x00007ff9b78ba000 	C:\WINDOWS\SYSTEM32\WINMMBASE.dll
0x00007ff9c5240000 - 0x00007ff9c528a000 	C:\WINDOWS\System32\cfgmgr32.dll
0x00007ff9c12a0000 - 0x00007ff9c12af000 	C:\Program Files\Java\jre-9.0.4\bin\verify.dll
0x00007ff9bbd80000 - 0x00007ff9bbda7000 	C:\Program Files\Java\jre-9.0.4\bin\java.dll
0x00007ff9be930000 - 0x00007ff9be946000 	C:\Program Files\Java\jre-9.0.4\bin\zip.dll
0x00007ff9bfed0000 - 0x00007ff9bfeda000 	C:\Program Files\Java\jre-9.0.4\bin\jimage.dll
0x00007ff9c6060000 - 0x00007ff9c7496000 	C:\WINDOWS\System32\SHELL32.dll
0x00007ff9c7e00000 - 0x00007ff9c7ea6000 	C:\WINDOWS\System32\shcore.dll
0x00007ff9c4940000 - 0x00007ff9c5087000 	C:\WINDOWS\System32\windows.storage.dll
0x00007ff9c8390000 - 0x00007ff9c83e1000 	C:\WINDOWS\System32\shlwapi.dll
0x00007ff9c4770000 - 0x00007ff9c4781000 	C:\WINDOWS\System32\kernel.appcore.dll
0x00007ff9c47b0000 - 0x00007ff9c47fc000 	C:\WINDOWS\System32\powrprof.dll
0x00007ff9c4800000 - 0x00007ff9c481b000 	C:\WINDOWS\System32\profapi.dll
0x00007ff9bd4f0000 - 0x00007ff9bd50a000 	C:\Program Files\Java\jre-9.0.4\bin\net.dll
0x00007ff9beee0000 - 0x00007ff9befbe000 	C:\WINDOWS\SYSTEM32\WINHTTP.dll
0x00007ff9c3fa0000 - 0x00007ff9c4006000 	C:\WINDOWS\system32\mswsock.dll
0x00007ff9bd430000 - 0x00007ff9bd441000 	C:\Program Files\Java\jre-9.0.4\bin\nio.dll
0x00007ff99b710000 - 0x00007ff99b8a9000 	C:\Program Files\Java\jre-9.0.4\bin\awt.dll
0x00007ff9c7580000 - 0x00007ff9c7645000 	C:\WINDOWS\System32\OLEAUT32.dll
0x00007ff9c23b0000 - 0x00007ff9c2968000 	C:\WINDOWS\SYSTEM32\d2d1.dll
0x00007ff9c5290000 - 0x00007ff9c545e000 	C:\WINDOWS\System32\CRYPT32.dll
0x00007ff9c4790000 - 0x00007ff9c47a2000 	C:\WINDOWS\System32\MSASN1.dll
0x00007ff9c30b0000 - 0x00007ff9c3138000 	C:\WINDOWS\SYSTEM32\apphelp.dll
0x00007ff9c3300000 - 0x00007ff9c332a000 	C:\WINDOWS\system32\DWMAPI.DLL
0x00007ff9c3230000 - 0x00007ff9c32c5000 	C:\WINDOWS\system32\uxtheme.dll
0x00007ff9aa450000 - 0x00007ff9aa56e000 	C:\WINDOWS\system32\opengl32.dll
0x00007ff9aa8c0000 - 0x00007ff9aa8ec000 	C:\WINDOWS\SYSTEM32\GLU32.dll
0x00007ff9c77e0000 - 0x00007ff9c7947000 	C:\WINDOWS\System32\MSCTF.dll
0x00007ff9c80f0000 - 0x00007ff9c8239000 	C:\WINDOWS\System32\ole32.dll
0x00007ff9bf950000 - 0x00007ff9bfb18000 	C:\WINDOWS\SYSTEM32\dbghelp.dll

VM Arguments:
jvm_args: -Dfile.encoding=Cp1252 
java_command: Main
java_class_path (initial): C:\Users\ahlam\eclipse-workspace\Calculator_proj\bin;C:\Users\ahlam\.p2\pool\plugins\org.junit.jupiter.api_5.0.0.v20170910-2246.jar;C:\Users\ahlam\.p2\pool\plugins\org.junit.jupiter.engine_5.0.0.v20170910-2246.jar;C:\Users\ahlam\.p2\pool\plugins\org.junit.jupiter.migrationsupport_5.0.0.v20170910-2246.jar;C:\Users\ahlam\.p2\pool\plugins\org.junit.jupiter.params_5.0.0.v20170910-2246.jar;C:\Users\ahlam\.p2\pool\plugins\org.junit.platform.commons_1.0.0.v20170910-2246.jar;C:\Users\ahlam\.p2\pool\plugins\org.junit.platform.engine_1.0.0.v20170910-2246.jar;C:\Users\ahlam\.p2\pool\plugins\org.junit.platform.launcher_1.0.0.v20170910-2246.jar;C:\Users\ahlam\.p2\pool\plugins\org.junit.platform.runner_1.0.0.v20170910-2246.jar;C:\Users\ahlam\.p2\pool\plugins\org.junit.platform.suite.api_1.0.0.v20170910-2246.jar;C:\Users\ahlam\.p2\pool\plugins\org.junit.vintage.engine_4.12.0.v20170910-2246.jar;C:\Users\ahlam\.p2\pool\plugins\org.opentest4j_1.0.0.v20170910-2246.jar;C:\Users\ahlam\.p2\pool\plugins\org.apiguardian_1.0.0.v20170910-2246.jar;C:\Users\ahlam\.p2\pool\plugins\org.junit_4.12.0.v201504281640\junit.jar;C:\Users\ahlam\.p2\pool\plugins\org.hamcrest.core_1.3.0.v201303031735.jar;C:\Users\ahlam\Downloads\selenium-server-standalone-3.8.1.jar
Launcher Type: SUN_STANDARD

Logging:
Log output configuration:
#0: stdout all=warning uptime,level,tags
#1: stderr all=off uptime,level,tags

Environment Variables:
PATH=C:\ProgramData\Oracle\Java\javapath;C:\WINDOWS\system32;C:\WINDOWS;C:\WINDOWS\System32\Wbem;C:\WINDOWS\System32\WindowsPowerShell\v1.0\;C:\Program Files\Git\cmd;C:\Users\ahlam\AppData\Local\Microsoft\WindowsApps;
USERNAME=ahlam
OS=Windows_NT
PROCESSOR_IDENTIFIER=Intel64 Family 6 Model 55 Stepping 8, GenuineIntel



---------------  S Y S T E M  ---------------

OS: Windows 10 , 64 bit Build 16299 (10.0.16299.15)

CPU:total 2 (initial active 2) (2 cores per cpu, 1 threads per core) family 6 model 55 stepping 8, cmov, cx8, fxsr, mmx, sse, sse2, sse3, ssse3, sse4.1, sse4.2, popcnt, clmul, erms, 3dnowpref, tsc, tscinvbit

Memory: 4k page, physical 4078472k(323932k free), swap 16661384k(868k free)

vm_info: Java HotSpot(TM) 64-Bit Server VM (9.0.4+11) for windows-amd64 JRE (9.0.4+11), built on Dec 20 2017 02:18:54 by "mach5one" with MS VC++ 12.0 (VS2013)

END.
