#
# There is insufficient memory for the Java Runtime Environment to continue.
# Native memory allocation (mmap) failed to map 67108864 bytes for Failed to commit area from 0x00000000c1c00000 to 0x00000000c5c00000 of length 67108864.
# Possible reasons:
#   The system is out of physical RAM or swap space
#   The process is running with CompressedOops enabled, and the Java Heap may be blocking the growth of the native heap
# Possible solutions:
#   Reduce memory load on the system
#   Increase physical memory or swap space
#   Check if swap backing store is full
#   Decrease Java heap size (-Xmx/-Xms)
#   Decrease number of Java threads
#   Decrease Java thread stack sizes (-Xss)
#   Set larger code cache with -XX:ReservedCodeCacheSize=
# This output file may be truncated or incomplete.
#
#  Out of Memory Error (t:/workspace/hotspot/src/os/windows/vm/os_windows.cpp:3357), pid=12796, tid=10080
#
# JRE version:  (9.0+11) (build )
# Java VM: Java HotSpot(TM) 64-Bit Server VM (9.0.4+11, mixed mode, tiered, compressed oops, g1 gc, windows-amd64)
# No core dump will be written. Minidumps are not enabled by default on client versions of Windows
#

---------------  S U M M A R Y ------------

Command Line: -Dfile.encoding=Cp1252 Main

Host: Intel(R) Celeron(R) CPU  N2840  @ 2.16GHz, 2 cores, 3G,  Windows 10 , 64 bit Build 16299 (10.0.16299.15)
Time: Fri Feb 09 05:55:53 2018 Pacific Standard Time elapsed time: 0 seconds (0d 0h 0m 0s)

---------------  T H R E A D  ---------------

Current thread (0x000001b978e7f000):  JavaThread "Unknown thread" [_thread_in_vm, id=10080, stack(0x000000870e900000,0x000000870ea00000)]

Stack: [0x000000870e900000,0x000000870ea00000]
Native frames: (J=compiled Java code, j=interpreted, Vv=VM code, C=native code)
V  [jvm.dll+0x587068]
V  [jvm.dll+0x69c25e]
V  [jvm.dll+0x69d17a]
V  [jvm.dll+0x69d7b3]
V  [jvm.dll+0x21d198]
V  [jvm.dll+0x584bb4]
V  [jvm.dll+0x57a095]
V  [jvm.dll+0x2cd67b]
V  [jvm.dll+0x2cd5e3]
V  [jvm.dll+0x2cd4b2]
V  [jvm.dll+0x2cf4b3]
V  [jvm.dll+0x3191e3]
V  [jvm.dll+0x3198f6]
V  [jvm.dll+0x3192e3]
V  [jvm.dll+0x2adeb8]
V  [jvm.dll+0x2af0e7]
V  [jvm.dll+0x67b34d]
V  [jvm.dll+0x67c70c]
V  [jvm.dll+0x3269c9]
V  [jvm.dll+0x66555e]
V  [jvm.dll+0x391811]
V  [jvm.dll+0x3937c1]
C  [javaw.exe+0x3501]
C  [javaw.exe+0xe25f]
C  [javaw.exe+0xe406]
C  [KERNEL32.DLL+0x11fe4]
C  [ntdll.dll+0x6efb1]


---------------  P R O C E S S  ---------------

Java Threads: ( => current thread )

Other Threads:
  0x000001b978e96000 GCTaskThread "GC Thread#0" [stack: 0x000000870ea00000,0x000000870eb00000] [id=12420]
  0x000001b978e97000 GCTaskThread "GC Thread#1" [stack: 0x000000870eb00000,0x000000870ec00000] [id=13728]
  0x000001b978ed5800 ConcurrentGCThread "G1 Main Marker" [stack: 0x000000870ef00000,0x000000870f000000] [id=1912]
  0x000001b978ed8000 ConcurrentGCThread "G1 Marker#0" [stack: 0x000000870f000000,0x000000870f100000] [id=12024]
  0x000001b978e9c000 ConcurrentGCThread "G1 Refine#0" [stack: 0x000000870ed00000,0x000000870ee00000] [id=6788]
  0x000001b978e99000 ConcurrentGCThread "G1 Refine#1" [stack: 0x000000870ec00000,0x000000870ed00000] [id=13748]
  0x000001b978e9e800 ConcurrentGCThread "G1 Young RemSet Sampling" [stack: 0x000000870ee00000,0x000000870ef00000] [id=12860]

=>0x000001b978e7f000 (exited) JavaThread "Unknown thread" [_thread_in_vm, id=10080, stack(0x000000870e900000,0x000000870ea00000)]

Threads with active compile tasks:

VM state:not at safepoint (not fully initialized)

VM Mutex/Monitor currently owned by a thread:  ([mutex/lock_event])
[0x000001b978e7e680] Heap_lock - owner thread: 0x000001b978e7f000

Heap address: 0x00000000c1c00000, size: 996 MB, Compressed Oops mode: Non-zero based: 0x00000000c1c00000
Narrow klass base: 0x0000000000000000, Narrow klass shift: 0

GC Heap History (0 events):
No events

Deoptimization events (0 events):
No events

Classes redefined (0 events):
No events

Internal exceptions (0 events):
No events

Events (0 events):
No events


Dynamic libraries:
0x00007ff6d54f0000 - 0x00007ff6d552e000 	C:\Program Files\Java\jre-9.0.4\bin\javaw.exe
0x00007ff9c8420000 - 0x00007ff9c8600000 	C:\WINDOWS\SYSTEM32\ntdll.dll
0x00007ff9c7f50000 - 0x00007ff9c7ffe000 	C:\WINDOWS\System32\KERNEL32.DLL
0x00007ff9c5680000 - 0x00007ff9c58e6000 	C:\WINDOWS\System32\KERNELBASE.dll
0x00007ff9c5fb0000 - 0x00007ff9c6051000 	C:\WINDOWS\System32\ADVAPI32.dll
0x00007ff9c7eb0000 - 0x00007ff9c7f4d000 	C:\WINDOWS\System32\msvcrt.dll
0x00007ff9c8000000 - 0x00007ff9c805b000 	C:\WINDOWS\System32\sechost.dll
0x00007ff9c8240000 - 0x00007ff9c835f000 	C:\WINDOWS\System32\RPCRT4.dll
0x00007ff9c7650000 - 0x00007ff9c77df000 	C:\WINDOWS\System32\USER32.dll
0x00007ff9c5460000 - 0x00007ff9c5480000 	C:\WINDOWS\System32\win32u.dll
0x00007ff9c8360000 - 0x00007ff9c8388000 	C:\WINDOWS\System32\GDI32.dll
0x00007ff9c54e0000 - 0x00007ff9c5673000 	C:\WINDOWS\System32\gdi32full.dll
0x00007ff9c4820000 - 0x00007ff9c48bb000 	C:\WINDOWS\System32\msvcp_win.dll
0x00007ff9c5090000 - 0x00007ff9c5186000 	C:\WINDOWS\System32\ucrtbase.dll
0x00007ff9b8590000 - 0x00007ff9b87f9000 	C:\WINDOWS\WinSxS\amd64_microsoft.windows.common-controls_6595b64144ccf1df_6.0.16299.192_none_15c8cdae9364c23b\COMCTL32.dll
0x00007ff9c5a70000 - 0x00007ff9c5d78000 	C:\WINDOWS\System32\combase.dll
0x00007ff9c48c0000 - 0x00007ff9c4932000 	C:\WINDOWS\System32\bcryptPrimitives.dll
0x00007ff9bb730000 - 0x00007ff9bb73a000 	C:\WINDOWS\SYSTEM32\VERSION.dll
0x00007ff9c74b0000 - 0x00007ff9c74dd000 	C:\WINDOWS\System32\IMM32.DLL
0x00007ff9b0b20000 - 0x00007ff9b0c0f000 	C:\Program Files\Java\jre-9.0.4\bin\msvcr120.dll
0x00007ff9afd50000 - 0x00007ff9afdf6000 	C:\Program Files\Java\jre-9.0.4\bin\msvcp120.dll
0x000000006ced0000 - 0x000000006d8f5000 	C:\Program Files\Java\jre-9.0.4\bin\server\jvm.dll
0x00007ff9c5fa0000 - 0x00007ff9c5fa8000 	C:\WINDOWS\System32\PSAPI.DLL
0x00007ff9c1570000 - 0x00007ff9c1579000 	C:\WINDOWS\SYSTEM32\WSOCK32.dll
0x00007ff9c8080000 - 0x00007ff9c80ec000 	C:\WINDOWS\System32\WS2_32.dll
0x00007ff9b78c0000 - 0x00007ff9b78e3000 	C:\WINDOWS\SYSTEM32\WINMM.dll
0x00007ff9b7890000 - 0x00007ff9b78ba000 	C:\WINDOWS\SYSTEM32\WINMMBASE.dll
0x00007ff9c5240000 - 0x00007ff9c528a000 	C:\WINDOWS\System32\cfgmgr32.dll
0x00007ff9c12a0000 - 0x00007ff9c12af000 	C:\Program Files\Java\jre-9.0.4\bin\verify.dll
0x00007ff9bbd80000 - 0x00007ff9bbda7000 	C:\Program Files\Java\jre-9.0.4\bin\java.dll
0x00007ff9be930000 - 0x00007ff9be946000 	C:\Program Files\Java\jre-9.0.4\bin\zip.dll
0x00007ff9bfed0000 - 0x00007ff9bfeda000 	C:\Program Files\Java\jre-9.0.4\bin\jimage.dll
0x00007ff9bf950000 - 0x00007ff9bfb18000 	C:\WINDOWS\SYSTEM32\dbghelp.dll

VM Arguments:
jvm_args: -Dfile.encoding=Cp1252 
java_command: Main
java_class_path (initial): C:\Users\ahlam\eclipse-workspace\Calculator_proj\bin;C:\Users\ahlam\.p2\pool\plugins\org.junit.jupiter.api_5.0.0.v20170910-2246.jar;C:\Users\ahlam\.p2\pool\plugins\org.junit.jupiter.engine_5.0.0.v20170910-2246.jar;C:\Users\ahlam\.p2\pool\plugins\org.junit.jupiter.migrationsupport_5.0.0.v20170910-2246.jar;C:\Users\ahlam\.p2\pool\plugins\org.junit.jupiter.params_5.0.0.v20170910-2246.jar;C:\Users\ahlam\.p2\pool\plugins\org.junit.platform.commons_1.0.0.v20170910-2246.jar;C:\Users\ahlam\.p2\pool\plugins\org.junit.platform.engine_1.0.0.v20170910-2246.jar;C:\Users\ahlam\.p2\pool\plugins\org.junit.platform.launcher_1.0.0.v20170910-2246.jar;C:\Users\ahlam\.p2\pool\plugins\org.junit.platform.runner_1.0.0.v20170910-2246.jar;C:\Users\ahlam\.p2\pool\plugins\org.junit.platform.suite.api_1.0.0.v20170910-2246.jar;C:\Users\ahlam\.p2\pool\plugins\org.junit.vintage.engine_4.12.0.v20170910-2246.jar;C:\Users\ahlam\.p2\pool\plugins\org.opentest4j_1.0.0.v20170910-2246.jar;C:\Users\ahlam\.p2\pool\plugins\org.apiguardian_1.0.0.v20170910-2246.jar;C:\Users\ahlam\.p2\pool\plugins\org.junit_4.12.0.v201504281640\junit.jar;C:\Users\ahlam\.p2\pool\plugins\org.hamcrest.core_1.3.0.v201303031735.jar;C:\Users\ahlam\Downloads\selenium-server-standalone-3.8.1.jar
Launcher Type: SUN_STANDARD

Logging:
Log output configuration:
#0: stdout all=warning uptime,level,tags
#1: stderr all=off uptime,level,tags

Environment Variables:
PATH=C:\ProgramData\Oracle\Java\javapath;C:\WINDOWS\system32;C:\WINDOWS;C:\WINDOWS\System32\Wbem;C:\WINDOWS\System32\WindowsPowerShell\v1.0\;C:\Program Files\Git\cmd;C:\Users\ahlam\AppData\Local\Microsoft\WindowsApps;
USERNAME=ahlam
OS=Windows_NT
PROCESSOR_IDENTIFIER=Intel64 Family 6 Model 55 Stepping 8, GenuineIntel



---------------  S Y S T E M  ---------------

OS: Windows 10 , 64 bit Build 16299 (10.0.16299.15)

CPU:total 2 (initial active 2) (2 cores per cpu, 1 threads per core) family 6 model 55 stepping 8, cmov, cx8, fxsr, mmx, sse, sse2, sse3, ssse3, sse4.1, sse4.2, popcnt, clmul, erms, 3dnowpref, tsc, tscinvbit

Memory: 4k page, physical 4078472k(618960k free), swap 16661384k(61892k free)

vm_info: Java HotSpot(TM) 64-Bit Server VM (9.0.4+11) for windows-amd64 JRE (9.0.4+11), built on Dec 20 2017 02:18:54 by "mach5one" with MS VC++ 12.0 (VS2013)

END.
